Versions/SmartCupMat_Android/build/outputs/logs/manifest-merger-debug-report.txt
-- Merging decision tree log ---
manifest
ADDED from Versions/SmartCupMat_final/AndroidManifest.xml:2:1-42:12
	package
		ADDED from Versions/SmartCupMat_final/AndroidManifest.xml:3:5-51
	android:versionName
		ADDED from Versions/SmartCupMat_final/AndroidManifest.xml:5:5-30
		INJECTED from Versions/SmartCupMat_final/AndroidManifest.xml
		INJECTED from Versions/SmartCupMat_final/AndroidManifest.xml
	android:versionCode
		ADDED from Versions/SmartCupMat_final/AndroidManifest.xml:4:5-28
		INJECTED from Versions/SmartCupMat_final/AndroidManifest.xml
		INJECTED from Versions/SmartCupMat_final/AndroidManifest.xml
	xmlns:android
		ADDED from Versions/SmartCupMat_final/AndroidManifest.xml:2:11-69
uses-sdk
ADDED from Versions/SmartCupMat_final/AndroidManifest.xml:7:5-9:41
MERGED from [com.android.support:appcompat-v7:19.1.0] AndroidManifest.xml:18:5-42
	android:targetSdkVersion
		ADDED from Versions/SmartCupMat_final/AndroidManifest.xml:9:9-38
	android:minSdkVersion
		ADDED from Versions/SmartCupMat_final/AndroidManifest.xml:8:9-35
uses-feature#android.hardware.bluetooth_le
ADDED from Versions/SmartCupMat_final/AndroidManifest.xml:11:5-13:35
	android:required
		ADDED from Versions/SmartCupMat_final/AndroidManifest.xml:13:9-32
	android:name
		ADDED from Versions/SmartCupMat_final/AndroidManifest.xml:12:9-53
uses-permission#android.permission.BLUETOOTH
ADDED from Versions/SmartCupMat_final/AndroidManifest.xml:15:5-68
	android:name
		ADDED from Versions/SmartCupMat_final/AndroidManifest.xml:15:22-65
uses-permission#android.permission.BLUETOOTH_ADMIN
ADDED from Versions/SmartCupMat_final/AndroidManifest.xml:16:5-74
	android:name
		ADDED from Versions/SmartCupMat_final/AndroidManifest.xml:16:22-71
application
ADDED from Versions/SmartCupMat_final/AndroidManifest.xml:19:5-40:19
MERGED from [com.android.support:appcompat-v7:19.1.0] AndroidManifest.xml:19:5-20
	android:label
		ADDED from Versions/SmartCupMat_final/AndroidManifest.xml:20:9-41
	android:icon
		ADDED from Versions/SmartCupMat_final/AndroidManifest.xml:21:9-38
	android:theme
		ADDED from Versions/SmartCupMat_final/AndroidManifest.xml:22:9-40
activity#com.example.xiaoxiazheng.smartcupmat.MainActivity
ADDED from Versions/SmartCupMat_final/AndroidManifest.xml:23:9-32:20
	android:label
		ADDED from Versions/SmartCupMat_final/AndroidManifest.xml:25:13-45
	android:theme
		ADDED from Versions/SmartCupMat_final/AndroidManifest.xml:26:13-41
	android:name
		ADDED from Versions/SmartCupMat_final/AndroidManifest.xml:24:13-41
intent-filter#android.intent.action.MAIN+android.intent.category.LAUNCHER
ADDED from Versions/SmartCupMat_final/AndroidManifest.xml:27:13-31:29
action#android.intent.action.MAIN
ADDED from Versions/SmartCupMat_final/AndroidManifest.xml:28:17-69
	android:name
		ADDED from Versions/SmartCupMat_final/AndroidManifest.xml:28:25-66
category#android.intent.category.LAUNCHER
ADDED from Versions/SmartCupMat_final/AndroidManifest.xml:30:17-77
	android:name
		ADDED from Versions/SmartCupMat_final/AndroidManifest.xml:30:27-74
activity#com.example.xiaoxiazheng.smartcupmat.Device
ADDED from Versions/SmartCupMat_final/AndroidManifest.xml:34:9-44
	android:name
		ADDED from Versions/SmartCupMat_final/AndroidManifest.xml:34:19-41
service#com.example.xiaoxiazheng.smartcupmat.RBLService
ADDED from Versions/SmartCupMat_final/AndroidManifest.xml:36:9-38:38
	android:enabled
		ADDED from Versions/SmartCupMat_final/AndroidManifest.xml:38:13-35
	android:name
		ADDED from Versions/SmartCupMat_final/AndroidManifest.xml:37:13-39